<?xml version="1.0" encoding="UTF-8"?>
<!-- Generated by org.testng.reporters.JUnitXMLReporter -->
<testsuite hostname="Ashu-PC" name="Default test" tests="3" failures="0" timestamp="12 Jan 2019 16:39:43 GMT" time="31.708" errors="0">
  <testcase name="logintoMMT" time="3.335" classname="TestGroup.TestArtifact.LoginTest"/>
  <testcase name="VerifyWalletBalance" time="8.083" classname="TestGroup.TestArtifact.LoginTest"/>
  <testcase name="VerifyWalletBalanceagain" time="8.078" classname="TestGroup.TestArtifact.LoginTest"/>
</testsuite> <!-- Default test -->
