<?xml version="1.0" encoding="UTF-8"?>
<!-- Generated by org.testng.reporters.JUnitXMLReporter -->
<testsuite hostname="Ashu-PC" name="Test" tests="3" failures="0" timestamp="16 Oct 2018 13:59:39 GMT" time="33.471" errors="0">
  <testcase name="logintoMMT" time="3.076" classname="TestGroup.TestArtifact.LoginTest"/>
  <testcase name="VerifyWalletBalance" time="8.105" classname="TestGroup.TestArtifact.LoginTest"/>
  <testcase name="VerifyWalletBalanceagain" time="8.077" classname="TestGroup.TestArtifact.LoginTest"/>
</testsuite> <!-- Test -->
